<?xml version="1.0" encoding="UTF-8"?>
<!-- Generated by org.testng.reporters.JUnitXMLReporter -->
<testsuite hostname="LAPTOP-RU5PQFBC" ignored="0" name="Test" tests="3" failures="0" timestamp="19 Nov 2021 15:07:21 GMT" time="0.035" errors="0">
  <testcase name="dresses" time="0.01" classname="com.testng.features.Simple_Annotations"/>
  <testcase name="tshirts" time="0.0" classname="com.testng.features.Simple_Annotations"/>
  <testcase name="women" time="0.0" classname="com.testng.features.Simple_Annotations"/>
</testsuite> <!-- Test -->
